/var/www/quast/source/quast/quast.py /var/www/quast/source/../data/results/pi61w4tgksrru20dl3w5ll45ktvnji4p/09_May_2019_13_03_20_465655/contigs/SOAPdenovo /var/www/quast/source/../data/results/pi61w4tgksrru20dl3w5ll45ktvnji4p/09_May_2019_13_03_20_465655/contigs/SPAdes.fasta --min-contig 500 --eukaryote --gene-finding --split-scaffolds -J /var/www/quast/source/../data/results/pi61w4tgksrru20dl3w5ll45ktvnji4p/09_May_2019_13_03_20_465655 -o /var/www/quast/source/../data/results/pi61w4tgksrru20dl3w5ll45ktvnji4p/09_May_2019_13_03_20_465655/full_output --err-fpath /var/www/quast/source/../data/results/pi61w4tgksrru20dl3w5ll45ktvnji4p/09_May_2019_13_03_20_465655/error.log -t 2

Version: 5.0, 5188887

System information:
  OS: Linux-3.16.0-4-amd64-x86_64-with-debian-stretch-sid (linux_64)
  Python version: 2.7.10
  CPUs number: 8

Started: 2019-05-09 16:04:48

Logging to /var/www/quast/data/results/pi61w4tgksrru20dl3w5ll45ktvnji4p/09_May_2019_13_03_20_465655/full_output/quast.log

CWD: /var/www/quast
Main parameters: 
  MODE: default, threads: 2, eukaryotic: true, split scaffolds: true, minimum contig length: 500, \
  minimum alignment length: 65, ambiguity: one, threshold for extensive misassembly size: 1000

Contigs:
  Pre-processing...
  1  /var/www/quast/source/../data/results/pi61w4tgksrru20dl3w5ll45ktvnji4p/09_May_2019_13_03_20_465655/contigs/SOAPdenovo ==> SOAPdenovo
  1    breaking scaffolds into contigs:
  1      9754 scaffolds (SOAPdenovo) were broken into 12069 contigs (SOAPdenovo_broken)
  2  /var/www/quast/source/../data/results/pi61w4tgksrru20dl3w5ll45ktvnji4p/09_May_2019_13_03_20_465655/contigs/SPAdes.fasta ==> SPAdes
  2    breaking scaffolds into contigs:
  2      2706 scaffolds (SPAdes) were broken into 2736 contigs (SPAdes_broken)

2019-05-09 16:04:54
Running Basic statistics processor...
  Contig files: 
    1  SOAPdenovo
    2  SOAPdenovo_broken
    3  SPAdes
    4  SPAdes_broken
  Calculating N50 and L50...
    1  SOAPdenovo, N50 = 871, L50 = 2764, Total length = 9365988, GC % = 44.95, # N's per 100 kbp =  41332.77
    2  SOAPdenovo_broken, N50 = 867, L50 = 723, Total length = 3722359, GC % = 47.25, # N's per 100 kbp =  2.55
    3  SPAdes, N50 = 5771, L50 = 98, Total length = 3779321, GC % = 46.20, # N's per 100 kbp =  210.70
    4  SPAdes_broken, N50 = 5962, L50 = 105, Total length = 3729834, GC % = 46.25, # N's per 100 kbp =  0.00
  Drawing Nx plot...
    saved to /var/www/quast/data/results/pi61w4tgksrru20dl3w5ll45ktvnji4p/09_May_2019_13_03_20_465655/full_output/basic_stats/Nx_plot.pdf
  Drawing cumulative plot...
    saved to /var/www/quast/data/results/pi61w4tgksrru20dl3w5ll45ktvnji4p/09_May_2019_13_03_20_465655/full_output/basic_stats/cumulative_plot.pdf
  Drawing GC content plot...
    saved to /var/www/quast/data/results/pi61w4tgksrru20dl3w5ll45ktvnji4p/09_May_2019_13_03_20_465655/full_output/basic_stats/GC_content_plot.pdf
  Drawing SOAPdenovo GC content plot...
    saved to /var/www/quast/data/results/pi61w4tgksrru20dl3w5ll45ktvnji4p/09_May_2019_13_03_20_465655/full_output/basic_stats/SOAPdenovo_GC_content_plot.pdf
  Drawing SOAPdenovo_broken GC content plot...
    saved to /var/www/quast/data/results/pi61w4tgksrru20dl3w5ll45ktvnji4p/09_May_2019_13_03_20_465655/full_output/basic_stats/SOAPdenovo_broken_GC_content_plot.pdf
  Drawing SPAdes GC content plot...
    saved to /var/www/quast/data/results/pi61w4tgksrru20dl3w5ll45ktvnji4p/09_May_2019_13_03_20_465655/full_output/basic_stats/SPAdes_GC_content_plot.pdf
  Drawing SPAdes_broken GC content plot...
    saved to /var/www/quast/data/results/pi61w4tgksrru20dl3w5ll45ktvnji4p/09_May_2019_13_03_20_465655/full_output/basic_stats/SPAdes_broken_GC_content_plot.pdf
  Drawing Coverage histogram (bin size: 7x)...
    saved to /var/www/quast/data/results/pi61w4tgksrru20dl3w5ll45ktvnji4p/09_May_2019_13_03_20_465655/full_output/basic_stats/coverage_histogram.pdf
  Drawing SPAdes coverage histogram (bin size: 7x)...
    saved to /var/www/quast/data/results/pi61w4tgksrru20dl3w5ll45ktvnji4p/09_May_2019_13_03_20_465655/full_output/basic_stats/SPAdes_coverage_histogram.pdf
  Drawing SPAdes_broken coverage histogram (bin size: 7x)...
    saved to /var/www/quast/data/results/pi61w4tgksrru20dl3w5ll45ktvnji4p/09_May_2019_13_03_20_465655/full_output/basic_stats/SPAdes_broken_coverage_histogram.pdf
Done.

2019-05-09 16:05:05
Running GeneMark-ES...
  1  SOAPdenovo
  2  SOAPdenovo_broken
    1  perl -I source/quast/quast_libs/genemark-es/lib source/quast/quast_libs/genemark-es/linux_64/gmes_petap.pl \
       --ES --cores 1 --sequence data/results/pi61w4tgksrru20dl3w5ll45ktvnji4p/09_May_2019_13_03_20_465655/full_output/quast_corrected_input/SOAPdenovo \
       --out data/results/pi61w4tgksrru20dl3w5ll45ktvnji4p/09_May_2019_13_03_20_465655/full_output/predicted_genes/tmpSOAPdenovo \
       > data/results/pi61w4tgksrru20dl3w5ll45ktvnji4p/09_May_2019_13_03_20_465655/full_output/predicted_genes/SOAPdenovo_genemark.stderr \
       2> data/results/pi61w4tgksrru20dl3w5ll45ktvnji4p/09_May_2019_13_03_20_465655/full_output/predicted_genes/SOAPdenovo_genemark.stderr
    2  perl -I source/quast/quast_libs/genemark-es/lib source/quast/quast_libs/genemark-es/linux_64/gmes_petap.pl \
       --ES --cores 1 --sequence data/results/pi61w4tgksrru20dl3w5ll45ktvnji4p/09_May_2019_13_03_20_465655/full_output/quast_corrected_input/SOAPdenovo__1_broken \
       --out data/results/pi61w4tgksrru20dl3w5ll45ktvnji4p/09_May_2019_13_03_20_465655/full_output/predicted_genes/tmpSOAPdenovo__1_broken \
       > data/results/pi61w4tgksrru20dl3w5ll45ktvnji4p/09_May_2019_13_03_20_465655/full_output/predicted_genes/SOAPdenovo_broken_genemark.stderr \
       2> data/results/pi61w4tgksrru20dl3w5ll45ktvnji4p/09_May_2019_13_03_20_465655/full_output/predicted_genes/SOAPdenovo_broken_genemark.stderr
       The tool returned non-zero. See data/results/pi61w4tgksrru20dl3w5ll45ktvnji4p/09_May_2019_13_03_20_465655/full_output/predicted_genes/SOAPdenovo_broken_genemark.stderr for stderr.
  3  SPAdes
    3  perl -I source/quast/quast_libs/genemark-es/lib source/quast/quast_libs/genemark-es/linux_64/gmes_petap.pl \
       --ES --cores 1 --sequence data/results/pi61w4tgksrru20dl3w5ll45ktvnji4p/09_May_2019_13_03_20_465655/full_output/quast_corrected_input/SPAdes.fasta \
       --out data/results/pi61w4tgksrru20dl3w5ll45ktvnji4p/09_May_2019_13_03_20_465655/full_output/predicted_genes/tmpSPAdes \
       > data/results/pi61w4tgksrru20dl3w5ll45ktvnji4p/09_May_2019_13_03_20_465655/full_output/predicted_genes/SPAdes_genemark.stderr \
       2> data/results/pi61w4tgksrru20dl3w5ll45ktvnji4p/09_May_2019_13_03_20_465655/full_output/predicted_genes/SPAdes_genemark.stderr
       The tool returned non-zero. See data/results/pi61w4tgksrru20dl3w5ll45ktvnji4p/09_May_2019_13_03_20_465655/full_output/predicted_genes/SOAPdenovo_genemark.stderr for stderr.
  4  SPAdes_broken
    4  perl -I source/quast/quast_libs/genemark-es/lib source/quast/quast_libs/genemark-es/linux_64/gmes_petap.pl \
       --ES --cores 1 --sequence data/results/pi61w4tgksrru20dl3w5ll45ktvnji4p/09_May_2019_13_03_20_465655/full_output/quast_corrected_input/SPAdes_broken.fasta \
       --out data/results/pi61w4tgksrru20dl3w5ll45ktvnji4p/09_May_2019_13_03_20_465655/full_output/predicted_genes/tmpSPAdes_broken \
       > data/results/pi61w4tgksrru20dl3w5ll45ktvnji4p/09_May_2019_13_03_20_465655/full_output/predicted_genes/SPAdes_broken_genemark.stderr \
       2> data/results/pi61w4tgksrru20dl3w5ll45ktvnji4p/09_May_2019_13_03_20_465655/full_output/predicted_genes/SPAdes_broken_genemark.stderr
       The tool returned non-zero. See data/results/pi61w4tgksrru20dl3w5ll45ktvnji4p/09_May_2019_13_03_20_465655/full_output/predicted_genes/SPAdes_genemark.stderr for stderr.
       The tool returned non-zero. See data/results/pi61w4tgksrru20dl3w5ll45ktvnji4p/09_May_2019_13_03_20_465655/full_output/predicted_genes/SPAdes_broken_genemark.stderr for stderr.

ERROR!   1  Failed predicting genes in SOAPdenovo. 

ERROR!   2  Failed predicting genes in SOAPdenovo_broken. 

ERROR!   3  Failed predicting genes in SPAdes. 

ERROR!   4  Failed predicting genes in SPAdes_broken. 
Done.

2019-05-09 16:05:13
Creating large visual summaries...
This may take a while: press Ctrl-C to skip this step..
  1 of 2: Creating Icarus viewers...
  2 of 2: Creating PDF with all tables and plots...
Done

2019-05-09 16:05:16
RESULTS:
  Text versions of total report are saved to /var/www/quast/data/results/pi61w4tgksrru20dl3w5ll45ktvnji4p/09_May_2019_13_03_20_465655/full_output/report.txt, report.tsv, and report.tex
  Text versions of transposed total report are saved to /var/www/quast/data/results/pi61w4tgksrru20dl3w5ll45ktvnji4p/09_May_2019_13_03_20_465655/full_output/transposed_report.txt, transposed_report.tsv, and transposed_report.tex
  HTML version (interactive tables and plots) is saved to /var/www/quast/data/results/pi61w4tgksrru20dl3w5ll45ktvnji4p/09_May_2019_13_03_20_465655/full_output/report.html
  PDF version (tables and plots) is saved to /var/www/quast/data/results/pi61w4tgksrru20dl3w5ll45ktvnji4p/09_May_2019_13_03_20_465655/full_output/report.pdf
  Icarus (contig browser) is saved to /var/www/quast/data/results/pi61w4tgksrru20dl3w5ll45ktvnji4p/09_May_2019_13_03_20_465655/full_output/icarus.html
  Log is saved to /var/www/quast/data/results/pi61w4tgksrru20dl3w5ll45ktvnji4p/09_May_2019_13_03_20_465655/full_output/quast.log

Finished: 2019-05-09 16:05:17
Elapsed time: 0:00:28.230277
NOTICEs: 0; WARNINGs: 0; non-fatal ERRORs: 4

Thank you for using QUAST!
