GeneMark.hmm 400-day license.
Your 400-day license period has ended. We hope that you found this
software useful. If you would like to renew this license,
please contact GeneProbe, Inc. at custserv@genepro.com

GeneMark.hmm 400-day license.
Your 400-day license period has ended. We hope that you found this
software useful. If you would like to renew this license,
please contact GeneProbe, Inc. at custserv@genepro.com

GeneMark.hmm 400-day license.
Your 400-day license period has ended. We hope that you found this
software useful. If you would like to renew this license,
please contact GeneProbe, Inc. at custserv@genepro.com

GeneMark.hmm 400-day license.
Your 400-day license period has ended. We hope that you found this
software useful. If you would like to renew this license,
please contact GeneProbe, Inc. at custserv@genepro.com

GeneMark.hmm 400-day license.
Your 400-day license period has ended. We hope that you found this
software useful. If you would like to renew this license,
please contact GeneProbe, Inc. at custserv@genepro.com

GeneMark.hmm 400-day license.
Your 400-day license period has ended. We hope that you found this
software useful. If you would like to renew this license,
please contact GeneProbe, Inc. at custserv@genepro.com

error, file not found /var/www/quast/source/quast/quast_libs/genemark-es/linux_64/parse_set.pl: set.out
error on call: /var/www/quast/source/quast/quast_libs/genemark-es/linux_64/parse_set.pl --section ES_A --cfg  /var/www/quast/data/results/pi61w4tgksrru20dl3w5ll45ktvnji4p/09_May_2019_13_03_20_465655/full_output/predicted_genes/tmpSPAdes/run.cfg  --v 
